Compiling the C compiler identification source file "CMakeCCompilerId.c" failed.
Compiler: /usr/bin/cc 
Build flags: 
Id flags:  

The output was:
1
cc1: fatal error: CMakeCCompilerId.c: No such file or directory
compilation terminated.


Compiling the C compiler identification source file "CMakeCCompilerId.c" failed.
Compiler: /usr/bin/cc 
Build flags: 
Id flags:  

The output was:
1
cc1: fatal error: CMakeCCompilerId.c: No such file or directory
compilation terminated.


Compiling the C compiler identification source file "CMakeCCompilerId.c" failed.
Compiler: /usr/bin/cc 
Build flags: 
Id flags: -c 

The output was:
1
cc1: fatal error: CMakeCCompilerId.c: No such file or directory
compilation terminated.


Compiling the C compiler identification source file "CMakeCCompilerId.c" failed.
Compiler: /usr/bin/cc 
Build flags: 
Id flags: -c 

The output was:
1
Assembler messages:
Fatal error: can't create CMakeCCompilerId.o: No such file or directory


Compiling the C compiler identification source file "CMakeCCompilerId.c" failed.
Compiler: /usr/bin/cc 
Build flags: 
Id flags: -Aa 

The output was:
1
cc1: fatal error: CMakeCCompilerId.c: No such file or directory
compilation terminated.


Compiling the C compiler identification source file "CMakeCCompilerId.c" failed.
Compiler: /usr/bin/cc 
Build flags: 
Id flags: -Aa 

The output was:
1
cc1: fatal error: CMakeCCompilerId.c: No such file or directory
compilation terminated.


Compiling the C compiler identification source file "CMakeCCompilerId.c" failed.
Compiler: /usr/bin/cc 
Build flags: 
Id flags: -D__CLASSIC_C__ 

The output was:
1
cc1: fatal error: CMakeCCompilerId.c: No such file or directory
compilation terminated.


Compiling the C compiler identification source file "CMakeCCompilerId.c" failed.
Compiler: /usr/bin/cc 
Build flags: 
Id flags: --target=arm-arm-none-eabi;-mcpu=cortex-m3 

The output was:
1
cc: warning: ‘-mcpu=’ is deprecated; use ‘-mtune=’ or ‘-march=’ instead
cc: error: unrecognized command-line option ‘--target=arm-arm-none-eabi’


Compiling the C compiler identification source file "CMakeCCompilerId.c" failed.
Compiler: /usr/bin/cc 
Build flags: 
Id flags: -D__CLASSIC_C__ 

The output was:
1
cc1: fatal error: CMakeCCompilerId.c: No such file or directory
compilation terminated.


Compiling the C compiler identification source file "CMakeCCompilerId.c" failed.
Compiler: /usr/bin/cc 
Build flags: 
Id flags: -c;-I__does_not_exist__ 

The output was:
1
cc1: fatal error: CMakeCCompilerId.c: No such file or directory
compilation terminated.


Compiling the C compiler identification source file "CMakeCCompilerId.c" failed.
Compiler: /usr/bin/cc 
Build flags: 
Id flags: --target=arm-arm-none-eabi;-mcpu=cortex-m3 

The output was:
1
cc: warning: ‘-mcpu=’ is deprecated; use ‘-mtune=’ or ‘-march=’ instead
cc: error: unrecognized command-line option ‘--target=arm-arm-none-eabi’


Compiling the C compiler identification source file "CMakeCCompilerId.c" failed.
Compiler: /usr/bin/cc 
Build flags: 
Id flags:  

The output was:
1
/usr/bin/ld: cannot open output file a.out: No such file or directory
collect2: error: ld returned 1 exit status


Detecting C compiler ABI info failed to compile with the following output:
Change Dir: /home/alex/ros2_ws/src/excavator_control/build/CMakeFiles/CMakeTmp

Run Build Command(s):/usr/bin/gmake -f Makefile cmTC_52915/fast && gmake: *** No rule to make target 'cmTC_52915/fast'.  Stop.




Detecting C compiler ABI info failed to compile with the following output:
Change Dir: /home/alex/ros2_ws/src/excavator_control/build/CMakeFiles/CMakeTmp

Run Build Command(s):/usr/bin/gmake -f Makefile cmTC_6882c/fast && gmake: *** No rule to make target 'cmTC_6882c/fast'.  Stop.




Determining if the C compiler works failed with the following output:
Change Dir: /home/alex/ros2_ws/src/excavator_control/build/CMakeFiles/CMakeTmp

Run Build Command(s):/usr/bin/gmake -f Makefile cmTC_aabe5/fast && gmake: *** No rule to make target 'cmTC_aabe5/fast'.  Stop.



Determining if the C compiler works failed with the following output:
Change Dir: /home/alex/ros2_ws/src/excavator_control/build/CMakeFiles/CMakeTmp

Run Build Command(s):/usr/bin/gmake -f Makefile cmTC_09840/fast && gmake: Makefile: No such file or directory
gmake: *** No rule to make target 'Makefile'.  Stop.



